<?xml version="1.0" encoding="UTF-8"?>
<!-- Generated by org.testng.reporters.JUnitReportReporter -->
<testsuite hostname="DESKTOP-DTNRH6A" failures="0" tests="2" name="testDriven.LambdaTestClass3" time="40.127" errors="0" timestamp="2024-09-08T00:11:48 IST" skipped="0">
  <testcase classname="testDriven.LambdaTestClass3" name="cloudTest" time="18.933"/>
  <system-out/>
  <testcase classname="testDriven.LambdaTestClass3" name="cloudTest" time="21.194"/>
  <system-out/>
</testsuite> <!-- testDriven.LambdaTestClass3 -->
