<?xml version="1.0" encoding="UTF-8"?>
<!-- Generated by org.testng.reporters.JUnitReportReporter -->
<testsuite hostname="DESKTOP-DTNRH6A" failures="0" tests="1" name="testDriven.SeleniumGridLocal" time="56.352" errors="0" timestamp="2024-09-10T15:10:17 IST" skipped="0">
  <testcase classname="testDriven.SeleniumGridLocal" name="cloudTest" time="56.352"/>
  <system-out/>
</testsuite> <!-- testDriven.SeleniumGridLocal -->
