<?xml version="1.0" encoding="UTF-8"?>
<!-- Generated by org.testng.reporters.JUnitReportReporter -->
<testsuite hostname="DESKTOP-DTNRH6A" failures="0" tests="1" name="testDriven.LambdaTestClass2" time="4.392" errors="0" timestamp="2024-09-07T23:41:11 IST" skipped="0">
  <testcase classname="testDriven.LambdaTestClass2" name="cloudTest" time="4.392"/>
  <system-out/>
</testsuite> <!-- testDriven.LambdaTestClass2 -->
