<?xml version="1.0" encoding="UTF-8"?>
<!-- Generated by org.testng.reporters.JUnitReportReporter -->
<testsuite hostname="DESKTOP-DTNRH6A" failures="0" tests="1" name="testDriven.HandleShadowDOM" time="13.236" errors="0" timestamp="2024-09-06T19:13:36 IST" skipped="0">
  <testcase classname="testDriven.HandleShadowDOM" name="main" time="13.236"/>
  <system-out/>
</testsuite> <!-- testDriven.HandleShadowDOM -->
