<?xml version="1.0" encoding="UTF-8"?>
<!-- Generated by org.testng.reporters.JUnitReportReporter -->
<testsuite hostname="DESKTOP-DTNRH6A" failures="0" tests="1" name="testDriven.LambdaTestClass" time="18.428" errors="0" timestamp="2024-09-07T22:49:12 IST" skipped="0">
  <testcase classname="testDriven.LambdaTestClass" name="cloudTest" time="18.428"/>
  <system-out/>
</testsuite> <!-- testDriven.LambdaTestClass -->
