<?xml version="1.0" encoding="UTF-8"?>
<!-- Generated by org.testng.reporters.JUnitReportReporter -->
<testsuite hostname="DESKTOP-DTNRH6A" failures="0" tests="1" name="testDriven.HandleShadowDOM" time="11.928" errors="0" timestamp="2024-09-06T15:58:54 IST" skipped="0">
  <testcase classname="testDriven.HandleShadowDOM" name="main" time="11.928"/>
  <system-out/>
</testsuite> <!-- testDriven.HandleShadowDOM -->
