<?xml version="1.0" encoding="UTF-8"?>
<!-- Generated by org.testng.reporters.JUnitReportReporter -->
<testsuite hostname="DESKTOP-DTNRH6A" failures="0" tests="1" name="com.project2.test.LoginPageTest" time="0.036" errors="0" timestamp="2024-09-02T16:17:06 IST" skipped="0">
  <testcase classname="com.project2.test.LoginPageTest" name="launchApp" time="0.036"/>
</testsuite> <!-- com.project2.test.LoginPageTest -->
