<?xml version="1.0" encoding="UTF-8"?>
<!-- Generated by org.testng.reporters.JUnitReportReporter -->
<testsuite hostname="DESKTOP-DTNRH6A" failures="0" tests="2" name="testDriven.LambdaTestClassParallel" time="47.622" errors="0" timestamp="2024-09-07T22:45:28 IST" skipped="0">
  <testcase classname="testDriven.LambdaTestClassParallel" name="cloudTest" time="21.108"/>
  <system-out/>
  <testcase classname="testDriven.LambdaTestClassParallel" name="cloudTest" time="26.514"/>
  <system-out/>
</testsuite> <!-- testDriven.LambdaTestClassParallel -->
