<?xml version="1.0" encoding="UTF-8"?>
<!-- Generated by org.testng.reporters.JUnitReportReporter -->
<testsuite hostname="DESKTOP-DTNRH6A" failures="0" tests="1" name="testDriven.WindowHandles" time="48.351" errors="0" timestamp="2024-09-05T16:11:00 IST" skipped="0">
  <testcase classname="testDriven.WindowHandles" name="windowHandle" time="48.351"/>
  <system-out/>
</testsuite> <!-- testDriven.WindowHandles -->
