<?xml version="1.0" encoding="UTF-8"?>
<!-- Generated by org.testng.reporters.JUnitReportReporter -->
<testsuite hostname="DESKTOP-DTNRH6A" failures="0" tests="1" name="testDriven.ShadowDom2" time="12.093" errors="0" timestamp="2024-09-06T16:41:40 IST" skipped="0">
  <testcase classname="testDriven.ShadowDom2" name="shadowDom2" time="12.093"/>
  <system-out/>
</testsuite> <!-- testDriven.ShadowDom2 -->
